<?xml version="1.0" encoding="UTF-8" standalone="no"?>
<testsuite failures="1" name="cucumber.runtime.formatter.JUnitFormatter" skipped="0" tests="1" time="0">
<testcase classname="Add New Deal" name="Home page with Login" time="0">
<failure message="The scenario has pending or undefined step(s)"><![CDATA[Given The home page Url.....................................................undefined
When User is on CRM page the page title is FreeCRM..........................undefined
Then User entered Username and Password.....................................undefined
Then User Clicks on login button............................................undefined
Then Now user in home page the title is CRMPRO..............................undefined
Then Moves to New Deal page.................................................undefined
Then User enters new deal details...........................................undefined
Then Close the browser......................................................undefined
]]></failure>
</testcase>
</testsuite>
